check_exception old: 0xffffffff new 0xe
     0: v=0e e=0000 i=0 cpl=0 IP=0028:ffffffff80004290 pc=ffffffff80004290 SP=0030:ffff800007f5af20 CR2=0000000000000000
RAX=ffffffffffffffff RBX=ffffffff80005368 RCX=0000000000000002 RDX=00000000000002df
RSI=0000000000000020 RDI=0000000000000000 RBP=ffff800007f5af20 RSP=ffff800007f5af20
R8 =0000000000000020 R9 =ffffffff80069628 R10=0000000000aaaaaa R11=ffffffff8002f1e8
R12=0000000000000010 R13=0000000000000000 R14=ffff800007f5af30 R15=ffffffff80005367
RIP=ffffffff80004290 RFL=00000012 [----A--] CPL=0 II=0 A20=1 SMM=0 HLT=0
ES =0030 0000000000000000 00000000 00009300 DPL=0 DS   [-WA]
CS =0028 0000000000000000 00000000 00209b00 DPL=0 CS64 [-RA]
SS =0030 0000000000000000 00000000 00009300 DPL=0 DS   [-WA]
DS =0030 0000000000000000 00000000 00009300 DPL=0 DS   [-WA]
FS =0030 0000000000000000 00000000 00009300 DPL=0 DS   [-WA]
GS =0030 0000000000000000 00000000 00009300 DPL=0 DS   [-WA]
LDT=0000 0000000000000000 00000000 00008200 DPL=0 LDT
TR =0000 0000000000000000 0000ffff 00008b00 DPL=0 TSS64-busy
GDT=     ffff8000000149d8 00000037
IDT=     0000000000000000 00000000
CR0=80010011 CR2=0000000000000000 CR3=0000000007f4a000 CR4=00000020
DR0=0000000000000000 DR1=0000000000000000 DR2=0000000000000000 DR3=0000000000000000 
DR6=00000000ffff0ff0 DR7=0000000000000400
CCS=0000000000000008 CCD=0000000000000010 CCO=ADDL
EFER=0000000000000d00
check_exception old: 0xe new 0xd
     1: v=08 e=0000 i=0 cpl=0 IP=0028:ffffffff80004290 pc=ffffffff80004290 SP=0030:ffff800007f5af20 env->regs[R_EAX]=ffffffffffffffff
RAX=ffffffffffffffff RBX=ffffffff80005368 RCX=0000000000000002 RDX=00000000000002df
RSI=0000000000000020 RDI=0000000000000000 RBP=ffff800007f5af20 RSP=ffff800007f5af20
R8 =0000000000000020 R9 =ffffffff80069628 R10=0000000000aaaaaa R11=ffffffff8002f1e8
R12=0000000000000010 R13=0000000000000000 R14=ffff800007f5af30 R15=ffffffff80005367
RIP=ffffffff80004290 RFL=00000012 [----A--] CPL=0 II=0 A20=1 SMM=0 HLT=0
ES =0030 0000000000000000 00000000 00009300 DPL=0 DS   [-WA]
CS =0028 0000000000000000 00000000 00209b00 DPL=0 CS64 [-RA]
SS =0030 0000000000000000 00000000 00009300 DPL=0 DS   [-WA]
DS =0030 0000000000000000 00000000 00009300 DPL=0 DS   [-WA]
FS =0030 0000000000000000 00000000 00009300 DPL=0 DS   [-WA]
GS =0030 0000000000000000 00000000 00009300 DPL=0 DS   [-WA]
LDT=0000 0000000000000000 00000000 00008200 DPL=0 LDT
TR =0000 0000000000000000 0000ffff 00008b00 DPL=0 TSS64-busy
GDT=     ffff8000000149d8 00000037
IDT=     0000000000000000 00000000
CR0=80010011 CR2=0000000000000000 CR3=0000000007f4a000 CR4=00000020
DR0=0000000000000000 DR1=0000000000000000 DR2=0000000000000000 DR3=0000000000000000 
DR6=00000000ffff0ff0 DR7=0000000000000400
CCS=0000000000000008 CCD=0000000000000010 CCO=ADDL
EFER=0000000000000d00
check_exception old: 0x8 new 0xd
